

--------------------------------------------------------------------
    Results for query 1 from <../queries/07 - asyncio-multiprocessing-threading-interception.in>

        Results quantity: 1947

        Sub-queries total: 16383
            From cache:      16353 (99.8169% of total)
            Issued:          30 (0.183117% of total)

        Server begin datetime: 2019-11-24 00:58:46
        Server end datetime:   2019-11-24 01:08:12

        Runtime:                           0:09:26
        Estimated runtime with caching:    from 0:01:00 to 0:07:00
        Estimated runtime without caching: from 9:06:06 to 2 days, 15:42:42


    The processed query was:

[
    $asyncio
    $multiprocessing
    $threading
]


    Longest subquery:

Barrier Condition Event Lock Semaphore acquire asyncio clear language:Python multiprocessing notify release set threading wait


    Longest Subquery length: 126
--------------------------------------------------------------------



--------------------------------------------------------------------
    Results for query 1 from <../queries/07 - asyncio-multiprocessing-threading-interception.in>

        Results quantity: 1979

        Sub-queries total: 16383
            From cache:      16353 (99.8169% of total)
            Issued:          30 (0.183117% of total)

        Server begin datetime: 2019-11-24 03:05:00
        Server end datetime:   2019-11-24 03:13:55

        Runtime:                           0:08:55
        Estimated runtime with caching:    from 0:01:00 to 0:07:00
        Estimated runtime without caching: from 9:06:06 to 2 days, 15:42:42


    The processed query was:

[
    $asyncio
    $multiprocessing
    $threading
]


    Longest subquery:

Barrier Condition Event Lock Semaphore acquire asyncio clear language:Python multiprocessing notify release set threading wait


    Longest Subquery length: 126
--------------------------------------------------------------------

