

--------------------------------------------------------------------
    Results for query 1 from <../queries/08 - asyncio-multiprocessing-union.in>

        Results quantity: 228130

        Sub-queries total: 511
            From cache:      435 (85.1272% of total)
            Issued:          76 (14.8728% of total)

        Server begin datetime: 2019-11-24 01:08:12
        Server end datetime:   2019-11-24 01:24:14

        Runtime:                           0:16:02
        Estimated runtime with caching:    from 0:02:32 to 0:17:44
        Estimated runtime without caching: from 0:17:02 to 1:59:14


    The processed query was:

{
    $asyncio
    $multiprocessing
}


    Longest subquery:

Barrier Condition Event Lock Semaphore acquire asyncio clear language:Python multiprocessing notify release set wait


    Longest Subquery length: 116
--------------------------------------------------------------------



--------------------------------------------------------------------
    Results for query 1 from <../queries/08 - asyncio-multiprocessing-union.in>

        Results quantity: 228418

        Sub-queries total: 511
            From cache:      511 (100% of total)

        Server begin datetime: 2019-11-24 03:13:55
        Server end datetime:   2019-11-24 03:13:55

        Runtime:                           0:00:00
        Estimated runtime with caching:    from 0:00:00 to 0:00:00
        Estimated runtime without caching: from 0:17:02 to 1:59:14


    The processed query was:

{
    $asyncio
    $multiprocessing
}


    Longest subquery:

Barrier Condition Event Lock Semaphore acquire asyncio clear language:Python multiprocessing notify release set wait


    Longest Subquery length: 116
--------------------------------------------------------------------

